{"/Users/frank/projects/hemlane/teadux/src/cmd.ts": {"path":"/Users/frank/projects/hemlane/teadux/src/cmd.ts","statementMap":{"0":{"start":{"line":3,"column":0},"end":{"line":3,"column":76}},"1":{"start":{"line":12,"column":2},"end":{"line":12,"column":32}},"2":{"start":{"line":14,"column":2},"end":{"line":19,"column":4}},"3":{"start":{"line":23,"column":2},"end":{"line":27,"column":4}},"4":{"start":{"line":61,"column":8},"end":{"line":61,"column":76}},"5":{"start":{"line":61,"column":9},"end":{"line":61,"column":15}},"6":{"start":{"line":61,"column":17},"end":{"line":61,"column":26}},"7":{"start":{"line":61,"column":28},"end":{"line":61,"column":35}},"8":{"start":{"line":63,"column":2},"end":{"line":92,"column":3}},"9":{"start":{"line":64,"column":10},"end":{"line":64,"column":24}},"10":{"start":{"line":65,"column":4},"end":{"line":69,"column":6}},"11":{"start":{"line":71,"column":12},"end":{"line":71,"column":19}},"12":{"start":{"line":71,"column":21},"end":{"line":71,"column":25}},"13":{"start":{"line":72,"column":4},"end":{"line":91,"column":6}},"14":{"start":{"line":126,"column":8},"end":{"line":126,"column":77}},"15":{"start":{"line":126,"column":9},"end":{"line":126,"column":15}},"16":{"start":{"line":126,"column":17},"end":{"line":126,"column":27}},"17":{"start":{"line":126,"column":29},"end":{"line":126,"column":36}},"18":{"start":{"line":128,"column":2},"end":{"line":128,"column":66}},"19":{"start":{"line":128,"column":38},"end":{"line":128,"column":63}},"20":{"start":{"line":134,"column":2},"end":{"line":154,"column":3}},"21":{"start":{"line":136,"column":22},"end":{"line":138,"column":47}},"22":{"start":{"line":138,"column":25},"end":{"line":138,"column":38}},"23":{"start":{"line":138,"column":25},"end":{"line":138,"column":39}},"24":{"start":{"line":139,"column":19},"end":{"line":139,"column":78}},"25":{"start":{"line":139,"column":56},"end":{"line":139,"column":69}},"26":{"start":{"line":139,"column":56},"end":{"line":139,"column":70}},"27":{"start":{"line":140,"column":6},"end":{"line":149,"column":7}},"28":{"start":{"line":141,"column":8},"end":{"line":144,"column":10}},"29":{"start":{"line":142,"column":20},"end":{"line":142,"column":55}},"30":{"start":{"line":143,"column":19},"end":{"line":143,"column":50}},"31":{"start":{"line":146,"column":8},"end":{"line":148,"column":11}},"32":{"start":{"line":147,"column":10},"end":{"line":147,"column":49}},"33":{"start":{"line":152,"column":6},"end":{"line":152,"column":51}},"34":{"start":{"line":157,"column":13},"end":{"line":162,"column":2}},"35":{"start":{"line":164,"column":13},"end":{"line":166,"column":2}}},"fnMap":{"0":{"name":"run","decl":{"start":{"line":10,"column":0},"end":{"line":11,"column":1}},"loc":{"start":{"line":12,"column":32},"end":{"line":20,"column":1}}},"1":{"name":"action","decl":{"start":{"line":22,"column":0},"end":{"line":22,"column":33}},"loc":{"start":{"line":22,"column":53},"end":{"line":28,"column":1}}},"2":{"name":"fmap","decl":{"start":{"line":60,"column":0},"end":{"line":null,"column":-1}},"loc":{"start":{"line":60,"column":0},"end":{"line":93,"column":1}}},"3":{"name":"map","decl":{"start":{"line":125,"column":0},"end":{"line":null,"column":-1}},"loc":{"start":{"line":125,"column":0},"end":{"line":129,"column":1}}},"4":{"name":"(anonymous_5)","decl":{"start":{"line":128,"column":24},"end":{"line":128,"column":24}},"loc":{"start":{"line":128,"column":33},"end":{"line":128,"column":64}}},"5":{"name":"execute","decl":{"start":{"line":131,"column":0},"end":{"line":132,"column":1}},"loc":{"start":{"line":132,"column":22},"end":{"line":155,"column":1}}},"6":{"name":"(anonymous_7)","decl":{"start":{"line":138,"column":24},"end":{"line":null,"column":-1}},"loc":{"start":{"line":138,"column":24},"end":{"line":138,"column":46}}},"7":{"name":"(anonymous_8)","decl":{"start":{"line":139,"column":55},"end":{"line":null,"column":-1}},"loc":{"start":{"line":139,"column":55},"end":{"line":139,"column":77}}},"8":{"name":"(anonymous_9)","decl":{"start":{"line":142,"column":10},"end":{"line":142,"column":9}},"loc":{"start":{"line":142,"column":16},"end":{"line":142,"column":55}}},"9":{"name":"(anonymous_10)","decl":{"start":{"line":143,"column":10},"end":{"line":143,"column":9}},"loc":{"start":{"line":143,"column":15},"end":{"line":143,"column":50}}},"10":{"name":"(anonymous_11)","decl":{"start":{"line":146,"column":48},"end":{"line":146,"column":47}},"loc":{"start":{"line":146,"column":53},"end":{"line":148,"column":9}}}},"branchMap":{"0":{"loc":{"start":{"line":12,"column":2},"end":{"line":12,"column":32}},"type":"if","locations":[{"start":{"line":12,"column":2},"end":{"line":12,"column":32}},{"start":{"line":12,"column":2},"end":{"line":12,"column":32}}]},"1":{"loc":{"start":{"line":63,"column":2},"end":{"line":92,"column":3}},"type":"if","locations":[{"start":{"line":63,"column":2},"end":{"line":92,"column":3}},{"start":{"line":63,"column":2},"end":{"line":92,"column":3}}]},"2":{"loc":{"start":{"line":76,"column":10},"end":{"line":81,"column":11}},"type":"cond-expr","locations":[{"start":{"line":76,"column":10},"end":{"line":81,"column":11}},{"start":{"line":82,"column":10},"end":{"line":82,"column":19}}]},"3":{"loc":{"start":{"line":84,"column":10},"end":{"line":89,"column":11}},"type":"cond-expr","locations":[{"start":{"line":84,"column":10},"end":{"line":89,"column":11}},{"start":{"line":90,"column":10},"end":{"line":90,"column":19}}]},"4":{"loc":{"start":{"line":135,"column":4},"end":{"line":150,"column":5}},"type":"switch","locations":[{"start":{"line":135,"column":4},"end":{"line":150,"column":5}},{"start":{"line":151,"column":4},"end":{"line":153,"column":5}}]},"5":{"loc":{"start":{"line":137,"column":10},"end":{"line":137,"column":21}},"type":"cond-expr","locations":[{"start":{"line":137,"column":10},"end":{"line":137,"column":21}},{"start":{"line":138,"column":10},"end":{"line":138,"column":47}}]},"6":{"loc":{"start":{"line":139,"column":30},"end":{"line":139,"column":38}},"type":"cond-expr","locations":[{"start":{"line":139,"column":30},"end":{"line":139,"column":38}},{"start":{"line":139,"column":41},"end":{"line":139,"column":78}}]}},"s":{"0":4,"1":27,"2":24,"3":10,"4":20,"5":20,"6":20,"7":20,"8":20,"9":3,"10":3,"11":17,"12":17,"13":17,"14":26,"15":26,"16":26,"17":26,"18":26,"19":14,"20":25,"21":19,"22":1,"23":1,"24":19,"25":1,"26":1,"27":19,"28":19,"29":15,"30":3,"31":1,"32":1,"33":6,"34":4,"35":4},"f":{"0":24,"1":10,"2":20,"3":26,"4":14,"5":25,"6":1,"7":1,"8":15,"9":3,"10":1},"b":{"0":[3,21],"1":[3,17],"2":[16,1],"3":[4,13],"4":[19,6],"5":[17,2],"6":[4,15]}}
,"/Users/frank/projects/hemlane/teadux/src/devtools.ts": {"path":"/Users/frank/projects/hemlane/teadux/src/devtools.ts","statementMap":{"0":{"start":{"line":4,"column":13},"end":{"line":18,"column":2}},"1":{"start":{"line":5,"column":19},"end":{"line":5,"column":30}},"2":{"start":{"line":6,"column":22},"end":{"line":6,"column":28}},"3":{"start":{"line":7,"column":2},"end":{"line":10,"column":3}},"4":{"start":{"line":8,"column":4},"end":{"line":8,"column":56}},"5":{"start":{"line":9,"column":4},"end":{"line":9,"column":44}},"6":{"start":{"line":11,"column":2},"end":{"line":16,"column":3}},"7":{"start":{"line":12,"column":4},"end":{"line":15,"column":6}},"8":{"start":{"line":17,"column":2},"end":{"line":17,"column":16}},"9":{"start":{"line":20,"column":13},"end":{"line":43,"column":2}},"10":{"start":{"line":20,"column":70},"end":{"line":43,"column":1}},"11":{"start":{"line":23,"column":2},"end":{"line":42,"column":3}},"12":{"start":{"line":24,"column":24},"end":{"line":24,"column":41}},"13":{"start":{"line":25,"column":4},"end":{"line":39,"column":5}},"14":{"start":{"line":26,"column":14},"end":{"line":26,"column":28}},"15":{"start":{"line":26,"column":30},"end":{"line":26,"column":34}},"16":{"start":{"line":27,"column":6},"end":{"line":33,"column":8}},"17":{"start":{"line":35,"column":6},"end":{"line":38,"column":8}},"18":{"start":{"line":41,"column":4},"end":{"line":41,"column":17}}},"fnMap":{"0":{"name":"(anonymous_1)","decl":{"start":{"line":4,"column":31},"end":{"line":4,"column":52}},"loc":{"start":{"line":4,"column":62},"end":{"line":18,"column":1}}},"1":{"name":"(anonymous_2)","decl":{"start":{"line":20,"column":34},"end":{"line":20,"column":34}},"loc":{"start":{"line":20,"column":65},"end":{"line":43,"column":1}}},"2":{"name":"(anonymous_3)","decl":{"start":{"line":20,"column":70},"end":{"line":21,"column":1}},"loc":{"start":{"line":21,"column":12},"end":{"line":43,"column":1}}}},"branchMap":{"0":{"loc":{"start":{"line":11,"column":2},"end":{"line":16,"column":3}},"type":"if","locations":[{"start":{"line":11,"column":2},"end":{"line":16,"column":3}},{"start":{"line":11,"column":2},"end":{"line":16,"column":3}}]},"1":{"loc":{"start":{"line":23,"column":2},"end":{"line":42,"column":3}},"type":"if","locations":[{"start":{"line":23,"column":2},"end":{"line":42,"column":3}},{"start":{"line":23,"column":2},"end":{"line":42,"column":3}}]},"2":{"loc":{"start":{"line":25,"column":4},"end":{"line":39,"column":5}},"type":"if","locations":[{"start":{"line":25,"column":4},"end":{"line":39,"column":5}},{"start":{"line":25,"column":4},"end":{"line":39,"column":5}}]}},"s":{"0":2,"1":3,"2":3,"3":3,"4":1,"5":1,"6":3,"7":1,"8":2,"9":2,"10":3,"11":3,"12":2,"13":2,"14":1,"15":1,"16":1,"17":1,"18":1},"f":{"0":3,"1":3,"2":3},"b":{"0":[1,2],"1":[2,1],"2":[1,1]}}
,"/Users/frank/projects/hemlane/teadux/src/functions.ts": {"path":"/Users/frank/projects/hemlane/teadux/src/functions.ts","statementMap":{"0":{"start":{"line":3,"column":33},"end":{"line":3,"column":37}},"1":{"start":{"line":3,"column":39},"end":{"line":3,"column":43}},"2":{"start":{"line":4,"column":2},"end":{"line":4,"column":23}},"3":{"start":{"line":3,"column":0},"end":{"line":5,"column":1}},"4":{"start":{"line":11,"column":2},"end":{"line":17,"column":3}},"5":{"start":{"line":12,"column":12},"end":{"line":12,"column":16}},"6":{"start":{"line":12,"column":18},"end":{"line":12,"column":22}},"7":{"start":{"line":12,"column":24},"end":{"line":12,"column":30}},"8":{"start":{"line":13,"column":4},"end":{"line":13,"column":58}},"9":{"start":{"line":15,"column":12},"end":{"line":15,"column":16}},"10":{"start":{"line":15,"column":18},"end":{"line":15,"column":22}},"11":{"start":{"line":16,"column":4},"end":{"line":16,"column":30}},"12":{"start":{"line":7,"column":0},"end":{"line":18,"column":1}},"13":{"start":{"line":49,"column":8},"end":{"line":49,"column":63}},"14":{"start":{"line":49,"column":9},"end":{"line":49,"column":13}},"15":{"start":{"line":49,"column":15},"end":{"line":49,"column":22}},"16":{"start":{"line":50,"column":2},"end":{"line":54,"column":4}},"17":{"start":{"line":48,"column":0},"end":{"line":55,"column":1}},"18":{"start":{"line":91,"column":8},"end":{"line":91,"column":63}},"19":{"start":{"line":91,"column":9},"end":{"line":91,"column":13}},"20":{"start":{"line":91,"column":15},"end":{"line":91,"column":22}},"21":{"start":{"line":92,"column":2},"end":{"line":96,"column":4}},"22":{"start":{"line":90,"column":0},"end":{"line":97,"column":1}}},"fnMap":{"0":{"name":"applyEffect","decl":{"start":{"line":3,"column":0},"end":{"line":3,"column":30}},"loc":{"start":{"line":3,"column":56},"end":{"line":5,"column":1}}},"1":{"name":"applyActionCreator","decl":{"start":{"line":7,"column":0},"end":{"line":8,"column":1}},"loc":{"start":{"line":9,"column":8},"end":{"line":18,"column":1}}},"2":{"name":"effect","decl":{"start":{"line":48,"column":0},"end":{"line":null,"column":-1}},"loc":{"start":{"line":48,"column":0},"end":{"line":55,"column":1}}},"3":{"name":"actionCreator","decl":{"start":{"line":90,"column":0},"end":{"line":null,"column":-1}},"loc":{"start":{"line":90,"column":0},"end":{"line":97,"column":1}}}},"branchMap":{"0":{"loc":{"start":{"line":11,"column":2},"end":{"line":17,"column":3}},"type":"if","locations":[{"start":{"line":11,"column":2},"end":{"line":17,"column":3}},{"start":{"line":11,"column":2},"end":{"line":17,"column":3}}]}},"s":{"0":19,"1":19,"2":19,"3":4,"4":33,"5":14,"6":14,"7":14,"8":14,"9":19,"10":19,"11":19,"12":4,"13":24,"14":24,"15":24,"16":24,"17":4,"18":45,"19":45,"20":45,"21":45,"22":4},"f":{"0":19,"1":33,"2":24,"3":45},"b":{"0":[14,19]}}
,"/Users/frank/projects/hemlane/teadux/src/index.ts": {"path":"/Users/frank/projects/hemlane/teadux/src/index.ts","statementMap":{"0":{"start":{"line":1,"column":0},"end":{"line":1,"column":22}},"1":{"start":{"line":2,"column":0},"end":{"line":2,"column":28}},"2":{"start":{"line":3,"column":0},"end":{"line":3,"column":53}},"3":{"start":{"line":3,"column":9},"end":{"line":3,"column":23}},"4":{"start":{"line":3,"column":25},"end":{"line":3,"column":36}},"5":{"start":{"line":4,"column":0},"end":{"line":4,"column":41}},"6":{"start":{"line":4,"column":9},"end":{"line":4,"column":16}},"7":{"start":{"line":4,"column":18},"end":{"line":4,"column":22}},"8":{"start":{"line":5,"column":0},"end":{"line":5,"column":24}},"9":{"start":{"line":6,"column":0},"end":{"line":6,"column":64}},"10":{"start":{"line":6,"column":9},"end":{"line":6,"column":24}},"11":{"start":{"line":6,"column":26},"end":{"line":6,"column":44}},"12":{"start":{"line":7,"column":0},"end":{"line":7,"column":31}},"13":{"start":{"line":7,"column":9},"end":{"line":7,"column":16}},"14":{"start":{"line":8,"column":0},"end":{"line":8,"column":49}},"15":{"start":{"line":8,"column":9},"end":{"line":8,"column":17}},"16":{"start":{"line":8,"column":19},"end":{"line":8,"column":32}}},"fnMap":{},"branchMap":{},"s":{"0":1,"1":1,"2":1,"3":1,"4":1,"5":1,"6":1,"7":1,"8":1,"9":1,"10":1,"11":1,"12":1,"13":1,"14":1,"15":1,"16":1},"f":{},"b":{}}
,"/Users/frank/projects/hemlane/teadux/src/redux.ts": {"path":"/Users/frank/projects/hemlane/teadux/src/redux.ts","statementMap":{"0":{"start":{"line":1,"column":0},"end":{"line":5,"column":14}},"1":{"start":{"line":12,"column":2},"end":{"line":34,"column":4}},"2":{"start":{"line":12,"column":49},"end":{"line":34,"column":3}},"3":{"start":{"line":14,"column":5},"end":{"line":14,"column":17}},"4":{"start":{"line":14,"column":19},"end":{"line":14,"column":30}},"5":{"start":{"line":16,"column":18},"end":{"line":16,"column":66}},"6":{"start":{"line":18,"column":21},"end":{"line":21,"column":5}},"7":{"start":{"line":19,"column":6},"end":{"line":19,"column":29}},"8":{"start":{"line":20,"column":6},"end":{"line":20,"column":50}},"9":{"start":{"line":23,"column":27},"end":{"line":25,"column":5}},"10":{"start":{"line":24,"column":6},"end":{"line":24,"column":64}},"11":{"start":{"line":27,"column":4},"end":{"line":27,"column":50}},"12":{"start":{"line":29,"column":4},"end":{"line":33,"column":13}},"13":{"start":{"line":9,"column":0},"end":{"line":35,"column":1}},"14":{"start":{"line":42,"column":2},"end":{"line":46,"column":11}},"15":{"start":{"line":37,"column":0},"end":{"line":47,"column":1}}},"fnMap":{"0":{"name":"createEnhancer","decl":{"start":{"line":9,"column":0},"end":{"line":10,"column":1}},"loc":{"start":{"line":10,"column":27},"end":{"line":35,"column":1}}},"1":{"name":"(anonymous_2)","decl":{"start":{"line":12,"column":9},"end":{"line":12,"column":9}},"loc":{"start":{"line":12,"column":44},"end":{"line":34,"column":3}}},"2":{"name":"(anonymous_3)","decl":{"start":{"line":12,"column":49},"end":{"line":13,"column":3}},"loc":{"start":{"line":14,"column":54},"end":{"line":34,"column":3}}},"3":{"name":"(anonymous_4)","decl":{"start":{"line":18,"column":21},"end":{"line":18,"column":21}},"loc":{"start":{"line":18,"column":31},"end":{"line":21,"column":5}}},"4":{"name":"(anonymous_5)","decl":{"start":{"line":23,"column":27},"end":{"line":23,"column":27}},"loc":{"start":{"line":23,"column":56},"end":{"line":25,"column":5}}},"5":{"name":"createStore","decl":{"start":{"line":37,"column":0},"end":{"line":38,"column":1}},"loc":{"start":{"line":40,"column":37},"end":{"line":47,"column":1}}}},"branchMap":{},"s":{"0":1,"1":2,"2":2,"3":2,"4":2,"5":2,"6":2,"7":24,"8":24,"9":2,"10":0,"11":2,"12":2,"13":1,"14":2,"15":1},"f":{"0":2,"1":2,"2":2,"3":24,"4":0,"5":2},"b":{}}
,"/Users/frank/projects/hemlane/teadux/src/runtime.ts": {"path":"/Users/frank/projects/hemlane/teadux/src/runtime.ts","statementMap":{"0":{"start":{"line":3,"column":0},"end":{"line":3,"column":27}},"1":{"start":{"line":13,"column":0},"end":{"line":73,"column":0}},"2":{"start":{"line":14,"column":2},"end":{"line":14,"column":23}},"3":{"start":{"line":15,"column":2},"end":{"line":15,"column":30}},"4":{"start":{"line":16,"column":2},"end":{"line":16,"column":31}},"5":{"start":{"line":21,"column":4},"end":{"line":21,"column":37}},"6":{"start":{"line":24,"column":2},"end":{"line":35,"column":3}},"7":{"start":{"line":24,"column":2},"end":{"line":35,"column":2}},"8":{"start":{"line":25,"column":4},"end":{"line":34,"column":6}},"9":{"start":{"line":26,"column":12},"end":{"line":31,"column":7}},"10":{"start":{"line":26,"column":13},"end":{"line":26,"column":18}},"11":{"start":{"line":26,"column":20},"end":{"line":26,"column":24}},"12":{"start":{"line":32,"column":6},"end":{"line":32,"column":53}},"13":{"start":{"line":33,"column":6},"end":{"line":33,"column":19}},"14":{"start":{"line":37,"column":2},"end":{"line":42,"column":3}},"15":{"start":{"line":38,"column":4},"end":{"line":38,"column":26}},"16":{"start":{"line":39,"column":4},"end":{"line":41,"column":5}},"17":{"start":{"line":40,"column":6},"end":{"line":40,"column":35}},"18":{"start":{"line":44,"column":2},"end":{"line":48,"column":3}},"19":{"start":{"line":45,"column":25},"end":{"line":45,"column":35}},"20":{"start":{"line":46,"column":4},"end":{"line":46,"column":20}},"21":{"start":{"line":47,"column":4},"end":{"line":47,"column":24}},"22":{"start":{"line":50,"column":2},"end":{"line":55,"column":3}},"23":{"start":{"line":51,"column":4},"end":{"line":53,"column":5}},"24":{"start":{"line":52,"column":6},"end":{"line":52,"column":39}},"25":{"start":{"line":54,"column":4},"end":{"line":54,"column":16}},"26":{"start":{"line":57,"column":2},"end":{"line":59,"column":3}},"27":{"start":{"line":57,"column":2},"end":{"line":59,"column":2}},"28":{"start":{"line":58,"column":4},"end":{"line":58,"column":58}},"29":{"start":{"line":58,"column":41},"end":{"line":58,"column":55}},"30":{"start":{"line":61,"column":2},"end":{"line":67,"column":3}},"31":{"start":{"line":61,"column":2},"end":{"line":67,"column":2}},"32":{"start":{"line":61,"column":8},"end":{"line":61,"column":22}},"33":{"start":{"line":61,"column":24},"end":{"line":61,"column":28}},"34":{"start":{"line":61,"column":41},"end":{"line":61,"column":62}},"35":{"start":{"line":62,"column":4},"end":{"line":66,"column":6}},"36":{"start":{"line":64,"column":8},"end":{"line":64,"column":65}},"37":{"start":{"line":64,"column":42},"end":{"line":64,"column":63}},"38":{"start":{"line":69,"column":2},"end":{"line":72,"column":3}},"39":{"start":{"line":70,"column":4},"end":{"line":70,"column":29}},"40":{"start":{"line":71,"column":4},"end":{"line":71,"column":25}},"41":{"start":{"line":73,"column":0},"end":{"line":73,"column":1}},"42":{"start":{"line":13,"column":13},"end":{"line":13,"column":20}}},"fnMap":{"0":{"name":"(anonymous_0)","decl":{"start":{"line":13,"column":0},"end":{"line":null,"column":-1}},"loc":{"start":{"line":13,"column":0},"end":{"line":13,"column":-1}}},"1":{"name":"Runtime","decl":{"start":{"line":20,"column":2},"end":{"line":20,"column":13}},"loc":{"start":{"line":20,"column":29},"end":{"line":22,"column":3}}},"2":{"name":"(anonymous_2)","decl":{"start":{"line":24,"column":2},"end":{"line":24,"column":13}},"loc":{"start":{"line":24,"column":42},"end":{"line":35,"column":3}}},"3":{"name":"(anonymous_3)","decl":{"start":{"line":25,"column":11},"end":{"line":25,"column":11}},"loc":{"start":{"line":25,"column":31},"end":{"line":34,"column":5}}},"4":{"name":"(anonymous_4)","decl":{"start":{"line":37,"column":2},"end":{"line":37,"column":9}},"loc":{"start":{"line":37,"column":23},"end":{"line":42,"column":3}}},"5":{"name":"(anonymous_5)","decl":{"start":{"line":44,"column":2},"end":{"line":null,"column":-1}},"loc":{"start":{"line":44,"column":2},"end":{"line":48,"column":3}}},"6":{"name":"(anonymous_6)","decl":{"start":{"line":50,"column":2},"end":{"line":null,"column":-1}},"loc":{"start":{"line":50,"column":2},"end":{"line":55,"column":3}}},"7":{"name":"(anonymous_7)","decl":{"start":{"line":57,"column":2},"end":{"line":57,"column":8}},"loc":{"start":{"line":57,"column":24},"end":{"line":59,"column":3}}},"8":{"name":"(anonymous_8)","decl":{"start":{"line":58,"column":33},"end":{"line":58,"column":32}},"loc":{"start":{"line":58,"column":37},"end":{"line":58,"column":55}}},"9":{"name":"(anonymous_9)","decl":{"start":{"line":61,"column":2},"end":{"line":61,"column":5}},"loc":{"start":{"line":61,"column":62},"end":{"line":67,"column":3}}},"10":{"name":"(anonymous_10)","decl":{"start":{"line":63,"column":15},"end":{"line":63,"column":14}},"loc":{"start":{"line":63,"column":18},"end":{"line":65,"column":7}}},"11":{"name":"(anonymous_11)","decl":{"start":{"line":64,"column":37},"end":{"line":64,"column":36}},"loc":{"start":{"line":64,"column":38},"end":{"line":64,"column":63}}},"12":{"name":"(anonymous_12)","decl":{"start":{"line":69,"column":2},"end":{"line":69,"column":6}},"loc":{"start":{"line":69,"column":43},"end":{"line":72,"column":3}}}},"branchMap":{"0":{"loc":{"start":{"line":39,"column":4},"end":{"line":41,"column":5}},"type":"if","locations":[{"start":{"line":39,"column":4},"end":{"line":41,"column":5}},{"start":{"line":39,"column":4},"end":{"line":41,"column":5}}]},"1":{"loc":{"start":{"line":51,"column":4},"end":{"line":53,"column":5}},"type":"if","locations":[{"start":{"line":51,"column":4},"end":{"line":53,"column":5}},{"start":{"line":51,"column":4},"end":{"line":53,"column":5}}]},"2":{"loc":{"start":{"line":61,"column":41},"end":{"line":61,"column":62}},"type":"if","locations":[{"start":{"line":61,"column":41},"end":{"line":61,"column":62}},{"start":{"line":61,"column":41},"end":{"line":61,"column":62}}]},"3":{"loc":{"start":{"line":64,"column":42},"end":{"line":64,"column":43}},"type":"binary-expr","locations":[{"start":{"line":64,"column":42},"end":{"line":64,"column":43}},{"start":{"line":64,"column":47},"end":{"line":64,"column":63}}]}},"s":{"0":3,"1":3,"2":9,"3":9,"4":9,"5":9,"6":3,"7":4,"8":4,"9":28,"10":28,"11":28,"12":28,"13":28,"14":3,"15":32,"16":32,"17":30,"18":3,"19":29,"20":29,"21":29,"22":3,"23":4,"24":3,"25":1,"26":3,"27":29,"28":29,"29":30,"30":3,"31":37,"32":37,"33":37,"34":67,"35":37,"36":17,"37":17,"38":3,"39":7,"40":7,"41":3,"42":3},"f":{"0":3,"1":9,"2":4,"3":28,"4":32,"5":29,"6":4,"7":29,"8":30,"9":37,"10":17,"11":17,"12":7},"b":{"0":[30,2],"1":[3,1],"2":[30,7],"3":[17,17]}}
,"/Users/frank/projects/hemlane/teadux/src/utils.ts": {"path":"/Users/frank/projects/hemlane/teadux/src/utils.ts","statementMap":{"0":{"start":{"line":1,"column":0},"end":{"line":1,"column":31}},"1":{"start":{"line":79,"column":23},"end":{"line":79,"column":60}},"2":{"start":{"line":81,"column":2},"end":{"line":116,"column":3}},"3":{"start":{"line":82,"column":4},"end":{"line":82,"column":20}},"4":{"start":{"line":83,"column":9},"end":{"line":116,"column":3}},"5":{"start":{"line":84,"column":11},"end":{"line":84,"column":16}},"6":{"start":{"line":84,"column":18},"end":{"line":84,"column":23}},"7":{"start":{"line":85,"column":21},"end":{"line":85,"column":51}},"8":{"start":{"line":86,"column":4},"end":{"line":90,"column":5}},"9":{"start":{"line":87,"column":6},"end":{"line":87,"column":29}},"10":{"start":{"line":88,"column":6},"end":{"line":88,"column":52}},"11":{"start":{"line":89,"column":6},"end":{"line":89,"column":49}},"12":{"start":{"line":91,"column":17},"end":{"line":91,"column":38}},"13":{"start":{"line":92,"column":4},"end":{"line":96,"column":5}},"14":{"start":{"line":93,"column":6},"end":{"line":93,"column":37}},"15":{"start":{"line":94,"column":6},"end":{"line":94,"column":52}},"16":{"start":{"line":95,"column":6},"end":{"line":95,"column":36}},"17":{"start":{"line":97,"column":4},"end":{"line":97,"column":18}},"18":{"start":{"line":98,"column":9},"end":{"line":116,"column":3}},"19":{"start":{"line":106,"column":11},"end":{"line":106,"column":16}},"20":{"start":{"line":106,"column":18},"end":{"line":106,"column":23}},"21":{"start":{"line":106,"column":25},"end":{"line":106,"column":30}},"22":{"start":{"line":107,"column":19},"end":{"line":107,"column":41}},"23":{"start":{"line":108,"column":4},"end":{"line":108,"column":35}},"24":{"start":{"line":109,"column":9},"end":{"line":116,"column":3}},"25":{"start":{"line":110,"column":11},"end":{"line":110,"column":16}},"26":{"start":{"line":110,"column":18},"end":{"line":110,"column":23}},"27":{"start":{"line":110,"column":25},"end":{"line":110,"column":30}},"28":{"start":{"line":110,"column":32},"end":{"line":110,"column":37}},"29":{"start":{"line":111,"column":19},"end":{"line":111,"column":41}},"30":{"start":{"line":112,"column":20},"end":{"line":112,"column":43}},"31":{"start":{"line":113,"column":4},"end":{"line":113,"column":36}},"32":{"start":{"line":115,"column":4},"end":{"line":115,"column":71}},"33":{"start":{"line":78,"column":0},"end":{"line":117,"column":1}},"34":{"start":{"line":119,"column":13},"end":{"line":125,"column":2}}},"fnMap":{"0":{"name":"mcompose","decl":{"start":{"line":78,"column":0},"end":{"line":null,"column":-1}},"loc":{"start":{"line":78,"column":0},"end":{"line":117,"column":1}}}},"branchMap":{"0":{"loc":{"start":{"line":81,"column":2},"end":{"line":116,"column":3}},"type":"if","locations":[{"start":{"line":81,"column":2},"end":{"line":116,"column":3}},{"start":{"line":81,"column":2},"end":{"line":116,"column":3}}]},"1":{"loc":{"start":{"line":83,"column":9},"end":{"line":116,"column":3}},"type":"if","locations":[{"start":{"line":83,"column":9},"end":{"line":116,"column":3}},{"start":{"line":83,"column":9},"end":{"line":116,"column":3}}]},"2":{"loc":{"start":{"line":86,"column":4},"end":{"line":90,"column":5}},"type":"if","locations":[{"start":{"line":86,"column":4},"end":{"line":90,"column":5}},{"start":{"line":86,"column":4},"end":{"line":90,"column":5}}]},"3":{"loc":{"start":{"line":92,"column":4},"end":{"line":96,"column":5}},"type":"if","locations":[{"start":{"line":92,"column":4},"end":{"line":96,"column":5}},{"start":{"line":92,"column":4},"end":{"line":96,"column":5}}]},"4":{"loc":{"start":{"line":98,"column":9},"end":{"line":116,"column":3}},"type":"if","locations":[{"start":{"line":98,"column":9},"end":{"line":116,"column":3}},{"start":{"line":98,"column":9},"end":{"line":116,"column":3}}]},"5":{"loc":{"start":{"line":109,"column":9},"end":{"line":116,"column":3}},"type":"if","locations":[{"start":{"line":109,"column":9},"end":{"line":116,"column":3}},{"start":{"line":109,"column":9},"end":{"line":116,"column":3}}]}},"s":{"0":2,"1":52,"2":52,"3":3,"4":49,"5":34,"6":34,"7":34,"8":34,"9":7,"10":7,"11":7,"12":34,"13":34,"14":18,"15":18,"16":18,"17":34,"18":15,"19":11,"20":11,"21":11,"22":11,"23":11,"24":4,"25":3,"26":3,"27":3,"28":3,"29":3,"30":3,"31":3,"32":1,"33":2,"34":2},"f":{"0":52},"b":{"0":[3,49],"1":[34,15],"2":[7,27],"3":[18,16],"4":[11,4],"5":[3,1]}}
}
