{"/Users/frank/projects/hemlane/teadux/src/cmd.ts": {"path":"/Users/frank/projects/hemlane/teadux/src/cmd.ts","statementMap":{"0":{"start":{"line":11,"column":2},"end":{"line":11,"column":32}},"1":{"start":{"line":13,"column":2},"end":{"line":18,"column":4}},"2":{"start":{"line":22,"column":2},"end":{"line":26,"column":4}},"3":{"start":{"line":60,"column":8},"end":{"line":60,"column":76}},"4":{"start":{"line":60,"column":9},"end":{"line":60,"column":15}},"5":{"start":{"line":60,"column":17},"end":{"line":60,"column":26}},"6":{"start":{"line":60,"column":28},"end":{"line":60,"column":35}},"7":{"start":{"line":62,"column":2},"end":{"line":91,"column":3}},"8":{"start":{"line":63,"column":10},"end":{"line":63,"column":24}},"9":{"start":{"line":64,"column":4},"end":{"line":68,"column":6}},"10":{"start":{"line":70,"column":12},"end":{"line":70,"column":19}},"11":{"start":{"line":70,"column":21},"end":{"line":70,"column":25}},"12":{"start":{"line":71,"column":4},"end":{"line":90,"column":6}},"13":{"start":{"line":125,"column":8},"end":{"line":125,"column":77}},"14":{"start":{"line":125,"column":9},"end":{"line":125,"column":15}},"15":{"start":{"line":125,"column":17},"end":{"line":125,"column":27}},"16":{"start":{"line":125,"column":29},"end":{"line":125,"column":36}},"17":{"start":{"line":127,"column":2},"end":{"line":127,"column":65}},"18":{"start":{"line":127,"column":38},"end":{"line":127,"column":62}},"19":{"start":{"line":133,"column":2},"end":{"line":153,"column":3}},"20":{"start":{"line":135,"column":22},"end":{"line":137,"column":47}},"21":{"start":{"line":137,"column":25},"end":{"line":137,"column":38}},"22":{"start":{"line":137,"column":25},"end":{"line":137,"column":39}},"23":{"start":{"line":138,"column":19},"end":{"line":138,"column":78}},"24":{"start":{"line":138,"column":56},"end":{"line":138,"column":69}},"25":{"start":{"line":138,"column":56},"end":{"line":138,"column":70}},"26":{"start":{"line":139,"column":6},"end":{"line":148,"column":7}},"27":{"start":{"line":140,"column":8},"end":{"line":143,"column":10}},"28":{"start":{"line":141,"column":20},"end":{"line":141,"column":55}},"29":{"start":{"line":142,"column":19},"end":{"line":142,"column":50}},"30":{"start":{"line":145,"column":8},"end":{"line":147,"column":11}},"31":{"start":{"line":146,"column":10},"end":{"line":146,"column":49}},"32":{"start":{"line":151,"column":6},"end":{"line":151,"column":51}},"33":{"start":{"line":156,"column":26},"end":{"line":156,"column":30}},"34":{"start":{"line":156,"column":32},"end":{"line":156,"column":36}},"35":{"start":{"line":157,"column":2},"end":{"line":157,"column":23}},"36":{"start":{"line":164,"column":2},"end":{"line":170,"column":3}},"37":{"start":{"line":165,"column":12},"end":{"line":165,"column":16}},"38":{"start":{"line":165,"column":18},"end":{"line":165,"column":22}},"39":{"start":{"line":165,"column":24},"end":{"line":165,"column":30}},"40":{"start":{"line":166,"column":4},"end":{"line":166,"column":58}},"41":{"start":{"line":168,"column":12},"end":{"line":168,"column":16}},"42":{"start":{"line":168,"column":18},"end":{"line":168,"column":22}},"43":{"start":{"line":169,"column":4},"end":{"line":169,"column":30}},"44":{"start":{"line":202,"column":8},"end":{"line":202,"column":63}},"45":{"start":{"line":202,"column":9},"end":{"line":202,"column":13}},"46":{"start":{"line":202,"column":15},"end":{"line":202,"column":22}},"47":{"start":{"line":203,"column":2},"end":{"line":207,"column":4}},"48":{"start":{"line":242,"column":8},"end":{"line":242,"column":63}},"49":{"start":{"line":242,"column":9},"end":{"line":242,"column":13}},"50":{"start":{"line":242,"column":15},"end":{"line":242,"column":22}},"51":{"start":{"line":243,"column":2},"end":{"line":247,"column":4}},"52":{"start":{"line":250,"column":13},"end":{"line":260,"column":2}}},"fnMap":{"0":{"name":"run","decl":{"start":{"line":9,"column":0},"end":{"line":10,"column":1}},"loc":{"start":{"line":11,"column":32},"end":{"line":19,"column":1}}},"1":{"name":"action","decl":{"start":{"line":21,"column":0},"end":{"line":21,"column":33}},"loc":{"start":{"line":21,"column":53},"end":{"line":27,"column":1}}},"2":{"name":"tag","decl":{"start":{"line":59,"column":0},"end":{"line":null,"column":-1}},"loc":{"start":{"line":59,"column":0},"end":{"line":92,"column":1}}},"3":{"name":"map","decl":{"start":{"line":124,"column":0},"end":{"line":null,"column":-1}},"loc":{"start":{"line":124,"column":0},"end":{"line":128,"column":1}}},"4":{"name":"(anonymous_5)","decl":{"start":{"line":127,"column":24},"end":{"line":127,"column":24}},"loc":{"start":{"line":127,"column":33},"end":{"line":127,"column":63}}},"5":{"name":"execute","decl":{"start":{"line":130,"column":0},"end":{"line":131,"column":1}},"loc":{"start":{"line":131,"column":22},"end":{"line":154,"column":1}}},"6":{"name":"(anonymous_7)","decl":{"start":{"line":137,"column":24},"end":{"line":null,"column":-1}},"loc":{"start":{"line":137,"column":24},"end":{"line":137,"column":46}}},"7":{"name":"(anonymous_8)","decl":{"start":{"line":138,"column":55},"end":{"line":null,"column":-1}},"loc":{"start":{"line":138,"column":55},"end":{"line":138,"column":77}}},"8":{"name":"(anonymous_9)","decl":{"start":{"line":141,"column":10},"end":{"line":141,"column":9}},"loc":{"start":{"line":141,"column":16},"end":{"line":141,"column":55}}},"9":{"name":"(anonymous_10)","decl":{"start":{"line":142,"column":10},"end":{"line":142,"column":9}},"loc":{"start":{"line":142,"column":15},"end":{"line":142,"column":50}}},"10":{"name":"(anonymous_11)","decl":{"start":{"line":145,"column":48},"end":{"line":145,"column":47}},"loc":{"start":{"line":145,"column":53},"end":{"line":147,"column":9}}},"11":{"name":"applyEffect","decl":{"start":{"line":156,"column":0},"end":{"line":156,"column":23}},"loc":{"start":{"line":156,"column":49},"end":{"line":158,"column":1}}},"12":{"name":"applyActionCreator","decl":{"start":{"line":160,"column":0},"end":{"line":161,"column":1}},"loc":{"start":{"line":162,"column":8},"end":{"line":171,"column":1}}},"13":{"name":"effect","decl":{"start":{"line":201,"column":0},"end":{"line":null,"column":-1}},"loc":{"start":{"line":201,"column":0},"end":{"line":208,"column":1}}},"14":{"name":"actionCreator","decl":{"start":{"line":241,"column":0},"end":{"line":null,"column":-1}},"loc":{"start":{"line":241,"column":0},"end":{"line":248,"column":1}}}},"branchMap":{"0":{"loc":{"start":{"line":11,"column":2},"end":{"line":11,"column":32}},"type":"if","locations":[{"start":{"line":11,"column":2},"end":{"line":11,"column":32}},{"start":{"line":11,"column":2},"end":{"line":11,"column":32}}]},"1":{"loc":{"start":{"line":62,"column":2},"end":{"line":91,"column":3}},"type":"if","locations":[{"start":{"line":62,"column":2},"end":{"line":91,"column":3}},{"start":{"line":62,"column":2},"end":{"line":91,"column":3}}]},"2":{"loc":{"start":{"line":75,"column":10},"end":{"line":80,"column":11}},"type":"cond-expr","locations":[{"start":{"line":75,"column":10},"end":{"line":80,"column":11}},{"start":{"line":81,"column":10},"end":{"line":81,"column":19}}]},"3":{"loc":{"start":{"line":83,"column":10},"end":{"line":88,"column":11}},"type":"cond-expr","locations":[{"start":{"line":83,"column":10},"end":{"line":88,"column":11}},{"start":{"line":89,"column":10},"end":{"line":89,"column":19}}]},"4":{"loc":{"start":{"line":134,"column":4},"end":{"line":149,"column":5}},"type":"switch","locations":[{"start":{"line":134,"column":4},"end":{"line":149,"column":5}},{"start":{"line":150,"column":4},"end":{"line":152,"column":5}}]},"5":{"loc":{"start":{"line":136,"column":10},"end":{"line":136,"column":21}},"type":"cond-expr","locations":[{"start":{"line":136,"column":10},"end":{"line":136,"column":21}},{"start":{"line":137,"column":10},"end":{"line":137,"column":47}}]},"6":{"loc":{"start":{"line":138,"column":30},"end":{"line":138,"column":38}},"type":"cond-expr","locations":[{"start":{"line":138,"column":30},"end":{"line":138,"column":38}},{"start":{"line":138,"column":41},"end":{"line":138,"column":78}}]},"7":{"loc":{"start":{"line":164,"column":2},"end":{"line":170,"column":3}},"type":"if","locations":[{"start":{"line":164,"column":2},"end":{"line":170,"column":3}},{"start":{"line":164,"column":2},"end":{"line":170,"column":3}}]}},"s":{"0":26,"1":23,"2":10,"3":19,"4":19,"5":19,"6":19,"7":19,"8":3,"9":3,"10":16,"11":16,"12":16,"13":26,"14":26,"15":26,"16":26,"17":26,"18":14,"19":25,"20":19,"21":1,"22":1,"23":19,"24":1,"25":1,"26":19,"27":19,"28":15,"29":3,"30":1,"31":1,"32":6,"33":19,"34":19,"35":19,"36":33,"37":14,"38":14,"39":14,"40":14,"41":19,"42":19,"43":19,"44":23,"45":23,"46":23,"47":23,"48":44,"49":44,"50":44,"51":44,"52":5},"f":{"0":23,"1":10,"2":19,"3":26,"4":14,"5":25,"6":1,"7":1,"8":15,"9":3,"10":1,"11":19,"12":33,"13":23,"14":44},"b":{"0":[3,20],"1":[3,16],"2":[16,0],"3":[3,13],"4":[19,6],"5":[17,2],"6":[4,15],"7":[14,19]}}
,"/Users/frank/projects/hemlane/teadux/src/devtools.ts": {"path":"/Users/frank/projects/hemlane/teadux/src/devtools.ts","statementMap":{"0":{"start":{"line":4,"column":13},"end":{"line":18,"column":2}},"1":{"start":{"line":5,"column":19},"end":{"line":5,"column":30}},"2":{"start":{"line":6,"column":22},"end":{"line":6,"column":28}},"3":{"start":{"line":7,"column":2},"end":{"line":10,"column":3}},"4":{"start":{"line":8,"column":4},"end":{"line":8,"column":56}},"5":{"start":{"line":9,"column":4},"end":{"line":9,"column":44}},"6":{"start":{"line":11,"column":2},"end":{"line":16,"column":3}},"7":{"start":{"line":12,"column":4},"end":{"line":15,"column":6}},"8":{"start":{"line":17,"column":2},"end":{"line":17,"column":16}},"9":{"start":{"line":20,"column":13},"end":{"line":43,"column":2}},"10":{"start":{"line":20,"column":66},"end":{"line":43,"column":1}},"11":{"start":{"line":23,"column":2},"end":{"line":42,"column":3}},"12":{"start":{"line":24,"column":24},"end":{"line":24,"column":41}},"13":{"start":{"line":25,"column":4},"end":{"line":39,"column":5}},"14":{"start":{"line":26,"column":14},"end":{"line":26,"column":28}},"15":{"start":{"line":26,"column":30},"end":{"line":26,"column":34}},"16":{"start":{"line":27,"column":6},"end":{"line":33,"column":8}},"17":{"start":{"line":35,"column":6},"end":{"line":38,"column":8}},"18":{"start":{"line":41,"column":4},"end":{"line":41,"column":17}}},"fnMap":{"0":{"name":"(anonymous_1)","decl":{"start":{"line":4,"column":31},"end":{"line":4,"column":52}},"loc":{"start":{"line":4,"column":62},"end":{"line":18,"column":1}}},"1":{"name":"(anonymous_2)","decl":{"start":{"line":20,"column":34},"end":{"line":20,"column":34}},"loc":{"start":{"line":20,"column":61},"end":{"line":43,"column":1}}},"2":{"name":"(anonymous_3)","decl":{"start":{"line":20,"column":66},"end":{"line":21,"column":1}},"loc":{"start":{"line":21,"column":12},"end":{"line":43,"column":1}}}},"branchMap":{"0":{"loc":{"start":{"line":11,"column":2},"end":{"line":16,"column":3}},"type":"if","locations":[{"start":{"line":11,"column":2},"end":{"line":16,"column":3}},{"start":{"line":11,"column":2},"end":{"line":16,"column":3}}]},"1":{"loc":{"start":{"line":23,"column":2},"end":{"line":42,"column":3}},"type":"if","locations":[{"start":{"line":23,"column":2},"end":{"line":42,"column":3}},{"start":{"line":23,"column":2},"end":{"line":42,"column":3}}]},"2":{"loc":{"start":{"line":25,"column":4},"end":{"line":39,"column":5}},"type":"if","locations":[{"start":{"line":25,"column":4},"end":{"line":39,"column":5}},{"start":{"line":25,"column":4},"end":{"line":39,"column":5}}]}},"s":{"0":2,"1":3,"2":3,"3":3,"4":1,"5":1,"6":3,"7":1,"8":2,"9":2,"10":3,"11":3,"12":2,"13":2,"14":1,"15":1,"16":1,"17":1,"18":1},"f":{"0":3,"1":3,"2":3},"b":{"0":[1,2],"1":[2,1],"2":[1,1]}}
,"/Users/frank/projects/hemlane/teadux/src/index.ts": {"path":"/Users/frank/projects/hemlane/teadux/src/index.ts","statementMap":{"0":{"start":{"line":1,"column":0},"end":{"line":1,"column":27}},"1":{"start":{"line":1,"column":9},"end":{"line":1,"column":12}},"2":{"start":{"line":2,"column":0},"end":{"line":2,"column":46}},"3":{"start":{"line":2,"column":9},"end":{"line":2,"column":16}},"4":{"start":{"line":2,"column":18},"end":{"line":2,"column":29}},"5":{"start":{"line":3,"column":0},"end":{"line":3,"column":41}},"6":{"start":{"line":3,"column":9},"end":{"line":3,"column":16}},"7":{"start":{"line":3,"column":18},"end":{"line":3,"column":22}},"8":{"start":{"line":4,"column":0},"end":{"line":4,"column":24}},"9":{"start":{"line":5,"column":0},"end":{"line":5,"column":64}},"10":{"start":{"line":5,"column":9},"end":{"line":5,"column":24}},"11":{"start":{"line":5,"column":26},"end":{"line":5,"column":44}},"12":{"start":{"line":6,"column":0},"end":{"line":6,"column":31}},"13":{"start":{"line":6,"column":9},"end":{"line":6,"column":16}},"14":{"start":{"line":7,"column":0},"end":{"line":7,"column":30}},"15":{"start":{"line":7,"column":9},"end":{"line":7,"column":13}}},"fnMap":{},"branchMap":{},"s":{"0":1,"1":1,"2":1,"3":1,"4":1,"5":1,"6":1,"7":1,"8":1,"9":1,"10":1,"11":1,"12":1,"13":1,"14":1,"15":1},"f":{},"b":{}}
,"/Users/frank/projects/hemlane/teadux/src/redux.ts": {"path":"/Users/frank/projects/hemlane/teadux/src/redux.ts","statementMap":{"0":{"start":{"line":1,"column":0},"end":{"line":8,"column":14}},"1":{"start":{"line":9,"column":0},"end":{"line":9,"column":35}},"2":{"start":{"line":12,"column":13},"end":{"line":56,"column":2}},"3":{"start":{"line":15,"column":33},"end":{"line":17,"column":19}},"4":{"start":{"line":18,"column":2},"end":{"line":55,"column":4}},"5":{"start":{"line":20,"column":54},"end":{"line":54,"column":5}},"6":{"start":{"line":24,"column":40},"end":{"line":24,"column":49}},"7":{"start":{"line":25,"column":43},"end":{"line":25,"column":45}},"8":{"start":{"line":27,"column":6},"end":{"line":34,"column":7}},"9":{"start":{"line":28,"column":8},"end":{"line":33,"column":9}},"10":{"start":{"line":29,"column":10},"end":{"line":29,"column":43}},"11":{"start":{"line":30,"column":10},"end":{"line":30,"column":42}},"12":{"start":{"line":32,"column":10},"end":{"line":32,"column":45}},"13":{"start":{"line":36,"column":20},"end":{"line":36,"column":68}},"14":{"start":{"line":38,"column":23},"end":{"line":41,"column":7}},"15":{"start":{"line":39,"column":8},"end":{"line":39,"column":31}},"16":{"start":{"line":40,"column":8},"end":{"line":40,"column":52}},"17":{"start":{"line":43,"column":29},"end":{"line":45,"column":7}},"18":{"start":{"line":44,"column":8},"end":{"line":44,"column":66}},"19":{"start":{"line":47,"column":6},"end":{"line":47,"column":52}},"20":{"start":{"line":49,"column":6},"end":{"line":53,"column":15}},"21":{"start":{"line":63,"column":2},"end":{"line":63,"column":71}},"22":{"start":{"line":58,"column":0},"end":{"line":64,"column":1}}},"fnMap":{"0":{"name":"(anonymous_1)","decl":{"start":{"line":12,"column":23},"end":{"line":13,"column":1}},"loc":{"start":{"line":13,"column":33},"end":{"line":56,"column":1}}},"1":{"name":"(anonymous_2)","decl":{"start":{"line":20,"column":14},"end":{"line":20,"column":14}},"loc":{"start":{"line":20,"column":49},"end":{"line":54,"column":5}}},"2":{"name":"(anonymous_3)","decl":{"start":{"line":20,"column":54},"end":{"line":21,"column":5}},"loc":{"start":{"line":22,"column":49},"end":{"line":54,"column":5}}},"3":{"name":"(anonymous_4)","decl":{"start":{"line":38,"column":23},"end":{"line":38,"column":23}},"loc":{"start":{"line":38,"column":33},"end":{"line":41,"column":7}}},"4":{"name":"(anonymous_5)","decl":{"start":{"line":43,"column":29},"end":{"line":43,"column":29}},"loc":{"start":{"line":43,"column":49},"end":{"line":45,"column":7}}},"5":{"name":"createStore","decl":{"start":{"line":58,"column":0},"end":{"line":59,"column":1}},"loc":{"start":{"line":61,"column":29},"end":{"line":64,"column":1}}}},"branchMap":{"0":{"loc":{"start":{"line":16,"column":6},"end":{"line":16,"column":21}},"type":"cond-expr","locations":[{"start":{"line":16,"column":6},"end":{"line":16,"column":21}},{"start":{"line":17,"column":6},"end":{"line":17,"column":19}}]},"1":{"loc":{"start":{"line":27,"column":6},"end":{"line":34,"column":7}},"type":"if","locations":[{"start":{"line":27,"column":6},"end":{"line":34,"column":7}},{"start":{"line":27,"column":6},"end":{"line":34,"column":7}}]},"2":{"loc":{"start":{"line":28,"column":8},"end":{"line":33,"column":9}},"type":"if","locations":[{"start":{"line":28,"column":8},"end":{"line":33,"column":9}},{"start":{"line":28,"column":8},"end":{"line":33,"column":9}}]}},"s":{"0":2,"1":2,"2":2,"3":3,"4":3,"5":2,"6":2,"7":2,"8":2,"9":2,"10":1,"11":1,"12":1,"13":2,"14":2,"15":24,"16":24,"17":2,"18":0,"19":2,"20":2,"21":2,"22":2},"f":{"0":3,"1":2,"2":2,"3":24,"4":0,"5":2},"b":{"0":[1,2],"1":[2,0],"2":[1,1]}}
,"/Users/frank/projects/hemlane/teadux/src/runtime.ts": {"path":"/Users/frank/projects/hemlane/teadux/src/runtime.ts","statementMap":{"0":{"start":{"line":3,"column":0},"end":{"line":3,"column":27}},"1":{"start":{"line":13,"column":0},"end":{"line":66,"column":0}},"2":{"start":{"line":14,"column":2},"end":{"line":14,"column":23}},"3":{"start":{"line":15,"column":2},"end":{"line":15,"column":30}},"4":{"start":{"line":16,"column":2},"end":{"line":16,"column":31}},"5":{"start":{"line":19,"column":2},"end":{"line":28,"column":3}},"6":{"start":{"line":19,"column":2},"end":{"line":28,"column":2}},"7":{"start":{"line":20,"column":4},"end":{"line":27,"column":6}},"8":{"start":{"line":21,"column":21},"end":{"line":21,"column":58}},"9":{"start":{"line":22,"column":12},"end":{"line":23,"column":54}},"10":{"start":{"line":22,"column":13},"end":{"line":22,"column":18}},"11":{"start":{"line":22,"column":20},"end":{"line":22,"column":24}},"12":{"start":{"line":25,"column":6},"end":{"line":25,"column":53}},"13":{"start":{"line":26,"column":6},"end":{"line":26,"column":19}},"14":{"start":{"line":30,"column":2},"end":{"line":35,"column":3}},"15":{"start":{"line":31,"column":4},"end":{"line":31,"column":26}},"16":{"start":{"line":32,"column":4},"end":{"line":34,"column":5}},"17":{"start":{"line":33,"column":6},"end":{"line":33,"column":35}},"18":{"start":{"line":37,"column":2},"end":{"line":41,"column":3}},"19":{"start":{"line":38,"column":25},"end":{"line":38,"column":35}},"20":{"start":{"line":39,"column":4},"end":{"line":39,"column":20}},"21":{"start":{"line":40,"column":4},"end":{"line":40,"column":24}},"22":{"start":{"line":43,"column":2},"end":{"line":48,"column":3}},"23":{"start":{"line":44,"column":4},"end":{"line":46,"column":5}},"24":{"start":{"line":45,"column":6},"end":{"line":45,"column":39}},"25":{"start":{"line":47,"column":4},"end":{"line":47,"column":16}},"26":{"start":{"line":50,"column":2},"end":{"line":52,"column":3}},"27":{"start":{"line":50,"column":2},"end":{"line":52,"column":2}},"28":{"start":{"line":51,"column":4},"end":{"line":51,"column":58}},"29":{"start":{"line":51,"column":41},"end":{"line":51,"column":55}},"30":{"start":{"line":54,"column":2},"end":{"line":60,"column":3}},"31":{"start":{"line":54,"column":2},"end":{"line":60,"column":2}},"32":{"start":{"line":54,"column":8},"end":{"line":54,"column":22}},"33":{"start":{"line":54,"column":24},"end":{"line":54,"column":28}},"34":{"start":{"line":54,"column":41},"end":{"line":54,"column":62}},"35":{"start":{"line":55,"column":4},"end":{"line":59,"column":6}},"36":{"start":{"line":57,"column":8},"end":{"line":57,"column":65}},"37":{"start":{"line":57,"column":42},"end":{"line":57,"column":63}},"38":{"start":{"line":62,"column":2},"end":{"line":65,"column":3}},"39":{"start":{"line":63,"column":4},"end":{"line":63,"column":29}},"40":{"start":{"line":64,"column":4},"end":{"line":64,"column":25}},"41":{"start":{"line":66,"column":0},"end":{"line":66,"column":1}},"42":{"start":{"line":13,"column":13},"end":{"line":13,"column":20}}},"fnMap":{"0":{"name":"(anonymous_0)","decl":{"start":{"line":13,"column":0},"end":{"line":null,"column":-1}},"loc":{"start":{"line":13,"column":0},"end":{"line":13,"column":-1}}},"1":{"name":"(anonymous_2)","decl":{"start":{"line":19,"column":2},"end":{"line":19,"column":13}},"loc":{"start":{"line":19,"column":26},"end":{"line":28,"column":3}}},"2":{"name":"(anonymous_3)","decl":{"start":{"line":20,"column":11},"end":{"line":20,"column":11}},"loc":{"start":{"line":20,"column":31},"end":{"line":27,"column":5}}},"3":{"name":"(anonymous_4)","decl":{"start":{"line":30,"column":2},"end":{"line":30,"column":9}},"loc":{"start":{"line":30,"column":23},"end":{"line":35,"column":3}}},"4":{"name":"(anonymous_5)","decl":{"start":{"line":37,"column":2},"end":{"line":null,"column":-1}},"loc":{"start":{"line":37,"column":2},"end":{"line":41,"column":3}}},"5":{"name":"(anonymous_6)","decl":{"start":{"line":43,"column":2},"end":{"line":null,"column":-1}},"loc":{"start":{"line":43,"column":2},"end":{"line":48,"column":3}}},"6":{"name":"(anonymous_7)","decl":{"start":{"line":50,"column":2},"end":{"line":50,"column":8}},"loc":{"start":{"line":50,"column":24},"end":{"line":52,"column":3}}},"7":{"name":"(anonymous_8)","decl":{"start":{"line":51,"column":33},"end":{"line":51,"column":32}},"loc":{"start":{"line":51,"column":37},"end":{"line":51,"column":55}}},"8":{"name":"(anonymous_9)","decl":{"start":{"line":54,"column":2},"end":{"line":54,"column":5}},"loc":{"start":{"line":54,"column":62},"end":{"line":60,"column":3}}},"9":{"name":"(anonymous_10)","decl":{"start":{"line":56,"column":15},"end":{"line":56,"column":14}},"loc":{"start":{"line":56,"column":18},"end":{"line":58,"column":7}}},"10":{"name":"(anonymous_11)","decl":{"start":{"line":57,"column":37},"end":{"line":57,"column":36}},"loc":{"start":{"line":57,"column":38},"end":{"line":57,"column":63}}},"11":{"name":"(anonymous_12)","decl":{"start":{"line":62,"column":2},"end":{"line":62,"column":6}},"loc":{"start":{"line":62,"column":43},"end":{"line":65,"column":3}}}},"branchMap":{"0":{"loc":{"start":{"line":22,"column":12},"end":{"line":23,"column":53}},"type":"cond-expr","locations":[{"start":{"line":22,"column":12},"end":{"line":23,"column":53}},{"start":{"line":22,"column":12},"end":{"line":23,"column":54}}]},"1":{"loc":{"start":{"line":32,"column":4},"end":{"line":34,"column":5}},"type":"if","locations":[{"start":{"line":32,"column":4},"end":{"line":34,"column":5}},{"start":{"line":32,"column":4},"end":{"line":34,"column":5}}]},"2":{"loc":{"start":{"line":44,"column":4},"end":{"line":46,"column":5}},"type":"if","locations":[{"start":{"line":44,"column":4},"end":{"line":46,"column":5}},{"start":{"line":44,"column":4},"end":{"line":46,"column":5}}]},"3":{"loc":{"start":{"line":54,"column":41},"end":{"line":54,"column":62}},"type":"if","locations":[{"start":{"line":54,"column":41},"end":{"line":54,"column":62}},{"start":{"line":54,"column":41},"end":{"line":54,"column":62}}]},"4":{"loc":{"start":{"line":57,"column":42},"end":{"line":57,"column":43}},"type":"binary-expr","locations":[{"start":{"line":57,"column":42},"end":{"line":57,"column":43}},{"start":{"line":57,"column":47},"end":{"line":57,"column":63}}]}},"s":{"0":4,"1":4,"2":10,"3":10,"4":10,"5":4,"6":4,"7":4,"8":28,"9":28,"10":28,"11":28,"12":28,"13":28,"14":4,"15":32,"16":32,"17":30,"18":4,"19":29,"20":29,"21":29,"22":4,"23":4,"24":3,"25":1,"26":4,"27":29,"28":29,"29":30,"30":4,"31":37,"32":37,"33":37,"34":67,"35":37,"36":17,"37":17,"38":4,"39":7,"40":7,"41":4,"42":4},"f":{"0":14,"1":4,"2":28,"3":32,"4":29,"5":4,"6":29,"7":30,"8":37,"9":17,"10":17,"11":7},"b":{"0":[27,1],"1":[30,2],"2":[3,1],"3":[30,7],"4":[17,17]}}
,"/Users/frank/projects/hemlane/teadux/src/utils.ts": {"path":"/Users/frank/projects/hemlane/teadux/src/utils.ts","statementMap":{"0":{"start":{"line":1,"column":0},"end":{"line":1,"column":31}},"1":{"start":{"line":76,"column":23},"end":{"line":76,"column":60}},"2":{"start":{"line":78,"column":2},"end":{"line":113,"column":3}},"3":{"start":{"line":79,"column":4},"end":{"line":79,"column":20}},"4":{"start":{"line":80,"column":9},"end":{"line":113,"column":3}},"5":{"start":{"line":81,"column":11},"end":{"line":81,"column":16}},"6":{"start":{"line":81,"column":18},"end":{"line":81,"column":23}},"7":{"start":{"line":82,"column":21},"end":{"line":82,"column":48}},"8":{"start":{"line":83,"column":4},"end":{"line":87,"column":5}},"9":{"start":{"line":84,"column":6},"end":{"line":84,"column":29}},"10":{"start":{"line":85,"column":6},"end":{"line":85,"column":46}},"11":{"start":{"line":86,"column":6},"end":{"line":86,"column":46}},"12":{"start":{"line":88,"column":17},"end":{"line":88,"column":38}},"13":{"start":{"line":89,"column":4},"end":{"line":93,"column":5}},"14":{"start":{"line":90,"column":6},"end":{"line":90,"column":37}},"15":{"start":{"line":91,"column":6},"end":{"line":91,"column":46}},"16":{"start":{"line":92,"column":6},"end":{"line":92,"column":36}},"17":{"start":{"line":94,"column":4},"end":{"line":94,"column":18}},"18":{"start":{"line":95,"column":9},"end":{"line":113,"column":3}},"19":{"start":{"line":103,"column":11},"end":{"line":103,"column":16}},"20":{"start":{"line":103,"column":18},"end":{"line":103,"column":23}},"21":{"start":{"line":103,"column":25},"end":{"line":103,"column":30}},"22":{"start":{"line":104,"column":19},"end":{"line":104,"column":37}},"23":{"start":{"line":105,"column":4},"end":{"line":105,"column":31}},"24":{"start":{"line":106,"column":9},"end":{"line":113,"column":3}},"25":{"start":{"line":107,"column":11},"end":{"line":107,"column":16}},"26":{"start":{"line":107,"column":18},"end":{"line":107,"column":23}},"27":{"start":{"line":107,"column":25},"end":{"line":107,"column":30}},"28":{"start":{"line":107,"column":32},"end":{"line":107,"column":37}},"29":{"start":{"line":108,"column":19},"end":{"line":108,"column":37}},"30":{"start":{"line":109,"column":20},"end":{"line":109,"column":39}},"31":{"start":{"line":110,"column":4},"end":{"line":110,"column":32}},"32":{"start":{"line":112,"column":4},"end":{"line":112,"column":71}},"33":{"start":{"line":75,"column":0},"end":{"line":114,"column":1}},"34":{"start":{"line":116,"column":13},"end":{"line":122,"column":2}}},"fnMap":{"0":{"name":"wrap","decl":{"start":{"line":75,"column":0},"end":{"line":null,"column":-1}},"loc":{"start":{"line":75,"column":0},"end":{"line":114,"column":1}}}},"branchMap":{"0":{"loc":{"start":{"line":78,"column":2},"end":{"line":113,"column":3}},"type":"if","locations":[{"start":{"line":78,"column":2},"end":{"line":113,"column":3}},{"start":{"line":78,"column":2},"end":{"line":113,"column":3}}]},"1":{"loc":{"start":{"line":80,"column":9},"end":{"line":113,"column":3}},"type":"if","locations":[{"start":{"line":80,"column":9},"end":{"line":113,"column":3}},{"start":{"line":80,"column":9},"end":{"line":113,"column":3}}]},"2":{"loc":{"start":{"line":83,"column":4},"end":{"line":87,"column":5}},"type":"if","locations":[{"start":{"line":83,"column":4},"end":{"line":87,"column":5}},{"start":{"line":83,"column":4},"end":{"line":87,"column":5}}]},"3":{"loc":{"start":{"line":89,"column":4},"end":{"line":93,"column":5}},"type":"if","locations":[{"start":{"line":89,"column":4},"end":{"line":93,"column":5}},{"start":{"line":89,"column":4},"end":{"line":93,"column":5}}]},"4":{"loc":{"start":{"line":95,"column":9},"end":{"line":113,"column":3}},"type":"if","locations":[{"start":{"line":95,"column":9},"end":{"line":113,"column":3}},{"start":{"line":95,"column":9},"end":{"line":113,"column":3}}]},"5":{"loc":{"start":{"line":106,"column":9},"end":{"line":113,"column":3}},"type":"if","locations":[{"start":{"line":106,"column":9},"end":{"line":113,"column":3}},{"start":{"line":106,"column":9},"end":{"line":113,"column":3}}]}},"s":{"0":2,"1":27,"2":27,"3":3,"4":24,"5":18,"6":18,"7":18,"8":18,"9":3,"10":3,"11":3,"12":18,"13":18,"14":6,"15":6,"16":6,"17":18,"18":6,"19":3,"20":3,"21":3,"22":3,"23":3,"24":3,"25":3,"26":3,"27":3,"28":3,"29":3,"30":3,"31":3,"32":0,"33":2,"34":2},"f":{"0":27},"b":{"0":[3,24],"1":[18,6],"2":[3,15],"3":[6,12],"4":[3,3],"5":[3,0]}}
}
