TN:
SF:/Users/frank/projects/hemlane/teadux/src/cmd.ts
FN:10,run
FN:22,action
FN:60,fmap
FN:125,map
FN:128,(anonymous_5)
FN:131,execute
FN:138,(anonymous_7)
FN:139,(anonymous_8)
FN:142,(anonymous_9)
FN:143,(anonymous_10)
FN:146,(anonymous_11)
FNF:11
FNH:11
FNDA:24,run
FNDA:10,action
FNDA:20,fmap
FNDA:26,map
FNDA:14,(anonymous_5)
FNDA:25,execute
FNDA:1,(anonymous_7)
FNDA:1,(anonymous_8)
FNDA:15,(anonymous_9)
FNDA:3,(anonymous_10)
FNDA:1,(anonymous_11)
DA:3,4
DA:12,27
DA:14,24
DA:23,10
DA:61,20
DA:63,20
DA:64,3
DA:65,3
DA:71,17
DA:72,17
DA:126,26
DA:128,26
DA:134,25
DA:136,19
DA:138,1
DA:139,19
DA:140,19
DA:141,19
DA:142,15
DA:143,3
DA:146,1
DA:147,1
DA:152,6
DA:157,4
DA:164,4
LF:25
LH:25
BRDA:12,0,0,3
BRDA:12,0,1,21
BRDA:63,1,0,3
BRDA:63,1,1,17
BRDA:76,2,0,16
BRDA:76,2,1,1
BRDA:84,3,0,4
BRDA:84,3,1,13
BRDA:135,4,0,19
BRDA:135,4,1,6
BRDA:137,5,0,17
BRDA:137,5,1,2
BRDA:139,6,0,4
BRDA:139,6,1,15
BRF:14
BRH:14
end_of_record
TN:
SF:/Users/frank/projects/hemlane/teadux/src/devtools.ts
FN:4,(anonymous_1)
FN:20,(anonymous_2)
FN:20,(anonymous_3)
FNF:3
FNH:3
FNDA:3,(anonymous_1)
FNDA:3,(anonymous_2)
FNDA:3,(anonymous_3)
DA:4,2
DA:5,3
DA:6,3
DA:7,3
DA:8,1
DA:9,1
DA:11,3
DA:12,1
DA:17,2
DA:20,3
DA:23,3
DA:24,2
DA:25,2
DA:26,1
DA:27,1
DA:35,1
DA:41,1
LF:17
LH:17
BRDA:11,0,0,1
BRDA:11,0,1,2
BRDA:23,1,0,2
BRDA:23,1,1,1
BRDA:25,2,0,1
BRDA:25,2,1,1
BRF:6
BRH:6
end_of_record
TN:
SF:/Users/frank/projects/hemlane/teadux/src/functions.ts
FN:3,applyEffect
FN:7,applyActionCreator
FN:48,effect
FN:90,actionCreator
FNF:4
FNH:4
FNDA:19,applyEffect
FNDA:33,applyActionCreator
FNDA:24,effect
FNDA:45,actionCreator
DA:3,19
DA:4,19
DA:7,4
DA:11,33
DA:12,14
DA:13,14
DA:15,19
DA:16,19
DA:48,4
DA:49,24
DA:50,24
DA:90,4
DA:91,45
DA:92,45
LF:14
LH:14
BRDA:11,0,0,14
BRDA:11,0,1,19
BRF:2
BRH:2
end_of_record
TN:
SF:/Users/frank/projects/hemlane/teadux/src/index.ts
FNF:0
FNH:0
DA:1,1
DA:2,1
DA:3,1
DA:4,1
DA:5,1
DA:6,1
DA:7,1
DA:8,1
LF:8
LH:8
BRF:0
BRH:0
end_of_record
TN:
SF:/Users/frank/projects/hemlane/teadux/src/redux.ts
FN:9,createEnhancer
FN:12,(anonymous_2)
FN:12,(anonymous_3)
FN:18,(anonymous_4)
FN:23,(anonymous_5)
FN:37,createStore
FNF:6
FNH:5
FNDA:2,createEnhancer
FNDA:2,(anonymous_2)
FNDA:2,(anonymous_3)
FNDA:24,(anonymous_4)
FNDA:0,(anonymous_5)
FNDA:2,createStore
DA:1,1
DA:9,1
DA:12,2
DA:14,2
DA:16,2
DA:18,2
DA:19,24
DA:20,24
DA:23,2
DA:24,0
DA:27,2
DA:29,2
DA:37,1
DA:42,2
LF:14
LH:13
BRF:0
BRH:0
end_of_record
TN:
SF:/Users/frank/projects/hemlane/teadux/src/runtime.ts
FN:13,(anonymous_0)
FN:20,Runtime
FN:24,(anonymous_2)
FN:25,(anonymous_3)
FN:37,(anonymous_4)
FN:44,(anonymous_5)
FN:50,(anonymous_6)
FN:57,(anonymous_7)
FN:58,(anonymous_8)
FN:61,(anonymous_9)
FN:63,(anonymous_10)
FN:64,(anonymous_11)
FN:69,(anonymous_12)
FNF:13
FNH:13
FNDA:3,(anonymous_0)
FNDA:9,Runtime
FNDA:4,(anonymous_2)
FNDA:28,(anonymous_3)
FNDA:32,(anonymous_4)
FNDA:29,(anonymous_5)
FNDA:4,(anonymous_6)
FNDA:29,(anonymous_7)
FNDA:30,(anonymous_8)
FNDA:37,(anonymous_9)
FNDA:17,(anonymous_10)
FNDA:17,(anonymous_11)
FNDA:7,(anonymous_12)
DA:3,3
DA:13,3
DA:14,9
DA:15,9
DA:16,9
DA:21,9
DA:24,4
DA:25,4
DA:26,28
DA:32,28
DA:33,28
DA:37,3
DA:38,32
DA:39,32
DA:40,30
DA:44,3
DA:45,29
DA:46,29
DA:47,29
DA:50,3
DA:51,4
DA:52,3
DA:54,1
DA:57,29
DA:58,30
DA:61,67
DA:62,37
DA:64,17
DA:69,3
DA:70,7
DA:71,7
DA:73,3
LF:32
LH:32
BRDA:39,0,0,30
BRDA:39,0,1,2
BRDA:51,1,0,3
BRDA:51,1,1,1
BRDA:61,2,0,30
BRDA:61,2,1,7
BRDA:64,3,0,17
BRDA:64,3,1,17
BRF:8
BRH:8
end_of_record
TN:
SF:/Users/frank/projects/hemlane/teadux/src/utils.ts
FN:78,mcompose
FNF:1
FNH:1
FNDA:52,mcompose
DA:1,2
DA:78,2
DA:79,52
DA:81,52
DA:82,3
DA:83,49
DA:84,34
DA:85,34
DA:86,34
DA:87,7
DA:88,7
DA:89,7
DA:91,34
DA:92,34
DA:93,18
DA:94,18
DA:95,18
DA:97,34
DA:98,15
DA:106,11
DA:107,11
DA:108,11
DA:109,4
DA:110,3
DA:111,3
DA:112,3
DA:113,3
DA:115,1
DA:119,2
LF:29
LH:29
BRDA:81,0,0,3
BRDA:81,0,1,49
BRDA:83,1,0,34
BRDA:83,1,1,15
BRDA:86,2,0,7
BRDA:86,2,1,27
BRDA:92,3,0,18
BRDA:92,3,1,16
BRDA:98,4,0,11
BRDA:98,4,1,4
BRDA:109,5,0,3
BRDA:109,5,1,1
BRF:12
BRH:12
end_of_record
