TN:
SF:/Users/frank/projects/hemlane/teadux/src/cmd.ts
FN:9,run
FN:21,action
FN:59,tag
FN:124,map
FN:127,(anonymous_5)
FN:130,execute
FN:137,(anonymous_7)
FN:138,(anonymous_8)
FN:141,(anonymous_9)
FN:142,(anonymous_10)
FN:145,(anonymous_11)
FN:156,applyEffect
FN:160,applyActionCreator
FN:201,effect
FN:241,actionCreator
FNF:15
FNH:15
FNDA:23,run
FNDA:10,action
FNDA:19,tag
FNDA:26,map
FNDA:14,(anonymous_5)
FNDA:25,execute
FNDA:1,(anonymous_7)
FNDA:1,(anonymous_8)
FNDA:15,(anonymous_9)
FNDA:3,(anonymous_10)
FNDA:1,(anonymous_11)
FNDA:19,applyEffect
FNDA:33,applyActionCreator
FNDA:23,effect
FNDA:44,actionCreator
DA:11,26
DA:13,23
DA:22,10
DA:60,19
DA:62,19
DA:63,3
DA:64,3
DA:70,16
DA:71,16
DA:125,26
DA:127,26
DA:133,25
DA:135,19
DA:137,1
DA:138,19
DA:139,19
DA:140,19
DA:141,15
DA:142,3
DA:145,1
DA:146,1
DA:151,6
DA:156,19
DA:157,19
DA:164,33
DA:165,14
DA:166,14
DA:168,19
DA:169,19
DA:202,23
DA:203,23
DA:242,44
DA:243,44
DA:250,5
LF:34
LH:34
BRDA:11,0,0,3
BRDA:11,0,1,20
BRDA:62,1,0,3
BRDA:62,1,1,16
BRDA:75,2,0,16
BRDA:75,2,1,0
BRDA:83,3,0,3
BRDA:83,3,1,13
BRDA:134,4,0,19
BRDA:134,4,1,6
BRDA:136,5,0,17
BRDA:136,5,1,2
BRDA:138,6,0,4
BRDA:138,6,1,15
BRDA:164,7,0,14
BRDA:164,7,1,19
BRF:16
BRH:15
end_of_record
TN:
SF:/Users/frank/projects/hemlane/teadux/src/devtools.ts
FN:4,(anonymous_1)
FN:20,(anonymous_2)
FN:20,(anonymous_3)
FNF:3
FNH:3
FNDA:3,(anonymous_1)
FNDA:3,(anonymous_2)
FNDA:3,(anonymous_3)
DA:4,2
DA:5,3
DA:6,3
DA:7,3
DA:8,1
DA:9,1
DA:11,3
DA:12,1
DA:17,2
DA:20,3
DA:23,3
DA:24,2
DA:25,2
DA:26,1
DA:27,1
DA:35,1
DA:41,1
LF:17
LH:17
BRDA:11,0,0,1
BRDA:11,0,1,2
BRDA:23,1,0,2
BRDA:23,1,1,1
BRDA:25,2,0,1
BRDA:25,2,1,1
BRF:6
BRH:6
end_of_record
TN:
SF:/Users/frank/projects/hemlane/teadux/src/index.ts
FNF:0
FNH:0
DA:1,1
DA:2,1
DA:3,1
DA:4,1
DA:5,1
DA:6,1
DA:7,1
LF:7
LH:7
BRF:0
BRH:0
end_of_record
TN:
SF:/Users/frank/projects/hemlane/teadux/src/redux.ts
FN:12,(anonymous_1)
FN:20,(anonymous_2)
FN:20,(anonymous_3)
FN:38,(anonymous_4)
FN:43,(anonymous_5)
FN:58,createStore
FNF:6
FNH:5
FNDA:3,(anonymous_1)
FNDA:2,(anonymous_2)
FNDA:2,(anonymous_3)
FNDA:24,(anonymous_4)
FNDA:0,(anonymous_5)
FNDA:2,createStore
DA:1,2
DA:9,2
DA:12,2
DA:15,3
DA:18,3
DA:20,2
DA:24,2
DA:25,2
DA:27,2
DA:28,2
DA:29,1
DA:30,1
DA:32,1
DA:36,2
DA:38,2
DA:39,24
DA:40,24
DA:43,2
DA:44,0
DA:47,2
DA:49,2
DA:58,2
DA:63,2
LF:23
LH:22
BRDA:16,0,0,1
BRDA:16,0,1,2
BRDA:27,1,0,2
BRDA:27,1,1,0
BRDA:28,2,0,1
BRDA:28,2,1,1
BRF:6
BRH:5
end_of_record
TN:
SF:/Users/frank/projects/hemlane/teadux/src/runtime.ts
FN:13,(anonymous_0)
FN:19,(anonymous_2)
FN:20,(anonymous_3)
FN:30,(anonymous_4)
FN:37,(anonymous_5)
FN:43,(anonymous_6)
FN:50,(anonymous_7)
FN:51,(anonymous_8)
FN:54,(anonymous_9)
FN:56,(anonymous_10)
FN:57,(anonymous_11)
FN:62,(anonymous_12)
FNF:12
FNH:12
FNDA:14,(anonymous_0)
FNDA:4,(anonymous_2)
FNDA:28,(anonymous_3)
FNDA:32,(anonymous_4)
FNDA:29,(anonymous_5)
FNDA:4,(anonymous_6)
FNDA:29,(anonymous_7)
FNDA:30,(anonymous_8)
FNDA:37,(anonymous_9)
FNDA:17,(anonymous_10)
FNDA:17,(anonymous_11)
FNDA:7,(anonymous_12)
DA:3,4
DA:13,4
DA:14,10
DA:15,10
DA:16,10
DA:19,4
DA:20,4
DA:21,28
DA:22,28
DA:25,28
DA:26,28
DA:30,4
DA:31,32
DA:32,32
DA:33,30
DA:37,4
DA:38,29
DA:39,29
DA:40,29
DA:43,4
DA:44,4
DA:45,3
DA:47,1
DA:50,29
DA:51,30
DA:54,67
DA:55,37
DA:57,17
DA:62,4
DA:63,7
DA:64,7
DA:66,4
LF:32
LH:32
BRDA:22,0,0,27
BRDA:22,0,1,1
BRDA:32,1,0,30
BRDA:32,1,1,2
BRDA:44,2,0,3
BRDA:44,2,1,1
BRDA:54,3,0,30
BRDA:54,3,1,7
BRDA:57,4,0,17
BRDA:57,4,1,17
BRF:10
BRH:10
end_of_record
TN:
SF:/Users/frank/projects/hemlane/teadux/src/utils.ts
FN:75,wrap
FNF:1
FNH:1
FNDA:27,wrap
DA:1,2
DA:75,2
DA:76,27
DA:78,27
DA:79,3
DA:80,24
DA:81,18
DA:82,18
DA:83,18
DA:84,3
DA:85,3
DA:86,3
DA:88,18
DA:89,18
DA:90,6
DA:91,6
DA:92,6
DA:94,18
DA:95,6
DA:103,3
DA:104,3
DA:105,3
DA:106,3
DA:107,3
DA:108,3
DA:109,3
DA:110,3
DA:112,0
DA:116,2
LF:29
LH:28
BRDA:78,0,0,3
BRDA:78,0,1,24
BRDA:80,1,0,18
BRDA:80,1,1,6
BRDA:83,2,0,3
BRDA:83,2,1,15
BRDA:89,3,0,6
BRDA:89,3,1,12
BRDA:95,4,0,3
BRDA:95,4,1,3
BRDA:106,5,0,3
BRDA:106,5,1,0
BRF:12
BRH:11
end_of_record
